<?xml version="1.0" encoding="UTF-8"?>
<!-- Generated by org.testng.reporters.JUnitXMLReporter -->
<testsuite hostname="TLPSYS24-PC" name="Test" tests="4" failures="0" timestamp="3 Jul 2018 09:11:21 GMT" time="13.249" errors="0">
  <testcase name="verifyadmin" time="0.918" classname="Insurance.Insurance.TestExcution"/>
  <testcase name="verifylogin" time="1.765" classname="Insurance.Insurance.TestExcution"/>
  <testcase name="verifyhome" time="0.438" classname="Insurance.Insurance.TestExcution"/>
  <testcase name="verifyreg" time="1.317" classname="Insurance.Insurance.TestExcution"/>
</testsuite> <!-- Test -->
