<?xml version="1.0" encoding="UTF-8"?>
<testng-results skipped="0" failed="0" total="4" passed="4">
  <reporter-output>
  </reporter-output>
  <suite name="Default suite" duration-ms="12223" started-at="2018-07-03T09:14:16Z" finished-at="2018-07-03T09:14:28Z">
    <groups>
    </groups>
    <test name="Default test" duration-ms="12223" started-at="2018-07-03T09:14:16Z" finished-at="2018-07-03T09:14:28Z">
      <class name="Insurance.Insurance.TestExcution">
        <test-method status="PASS" signature="verifyLaunch()[pri:0, instance:Insurance.Insurance.TestExcution@a6d14e]" name="verifyLaunch" is-config="true" duration-ms="8470" started-at="2018-07-03T14:44:16Z" finished-at="2018-07-03T14:44:24Z">
          <reporter-output>
          </reporter-output>
        </test-method> <!-- verifyLaunch -->
        <test-method status="PASS" signature="verifyadmin()[pri:0, instance:Insurance.Insurance.TestExcution@a6d14e]" name="verifyadmin" duration-ms="852" started-at="2018-07-03T14:44:24Z" finished-at="2018-07-03T14:44:25Z">
          <reporter-output>
          </reporter-output>
        </test-method> <!-- verifyadmin -->
        <test-method status="PASS" signature="verifylogin()[pri:1, instance:Insurance.Insurance.TestExcution@a6d14e]" name="verifylogin" duration-ms="1154" started-at="2018-07-03T14:44:25Z" finished-at="2018-07-03T14:44:26Z">
          <reporter-output>
          </reporter-output>
        </test-method> <!-- verifylogin -->
        <test-method status="PASS" signature="verifyhome()[pri:2, instance:Insurance.Insurance.TestExcution@a6d14e]" name="verifyhome" duration-ms="438" started-at="2018-07-03T14:44:26Z" finished-at="2018-07-03T14:44:27Z">
          <reporter-output>
          </reporter-output>
        </test-method> <!-- verifyhome -->
        <test-method status="PASS" signature="verifyreg()[pri:3, instance:Insurance.Insurance.TestExcution@a6d14e]" name="verifyreg" duration-ms="1277" started-at="2018-07-03T14:44:27Z" finished-at="2018-07-03T14:44:28Z">
          <reporter-output>
          </reporter-output>
        </test-method> <!-- verifyreg -->
      </class> <!-- Insurance.Insurance.TestExcution -->
    </test> <!-- Default test -->
  </suite> <!-- Default suite -->
</testng-results>
